0.012032 28
0.711007 1
0.073198 1
0.366868 1
0.152341 1
0.359886 1
0.131033 1
0.067901 1
0.088255 1
0.078744 1
0.132012 1
0.769454 1
0.090800 1
0.277265 1
0.217809 1
0.212794 1
0.341250 2
0.015992 28
1.034806 1
0.088877 1
0.120200 1
0.103162 1
0.091948 1
0.116053 1
0.056249 1
0.060726 1
0.249779 1
0.198533 1
0.203070 1
0.103125 1
0.103832 1
0.078945 1
0.066008 1
0.090320 1
1.041036 2
0.000522 28
0.325050 1
0.094057 1
0.121374 1
0.073623 1
0.169804 1
0.129080 1
0.122706 1
0.059798 1
0.078779 1
0.058970 1
0.081216 1
0.806755 2
0.005526 45
0.001050 28
0.845529 1
0.090956 1
0.089766 1
0.109940 1
0.304727 4
0.253596 1
0.171912 1
1.606551 4
0.123740 4
0.183793 1
0.057236 1
0.122668 2
1.123910 1
0.340700 1
0.370526 1
0.121386 1
0.330133 1
0.178019 1
0.235728 1
0.060312 1
0.098640 1
0.125510 1
0.077120 4
1.005522 2
0.003662 28
0.213319 1
0.070535 1
0.088239 1
0.051996 1
0.135615 1
0.270970 2
0.005474 12
0.000116 107
0.000073 55
0.000059 64
0.001074 28
3.063052 1
0.098548 1
0.127845 1
0.111777 1
0.068053 1
0.069717 1
0.088699 1
0.229649 2
0.067183 54
0.567562 1
0.062420 1
0.569607 1
0.111624 1
0.129403 1
0.238441 1
0.062184 1
0.090183 1
0.115771 1
0.168610 4
0.384984 2
0.036209 15
0.000392 85
0.000366 2588
1.408222 39
0.000046 11
0.492978 1
0.001070 17
0.621685 16
0.001008 18
0.239236 1
0.001032 17
0.251947 1
0.001003 17
0.291309 1
0.001229 49
0.002389 54
2.072185 1
0.275727 1
0.129411 1
0.222218 1
0.451564 2
0.000172 6
0.004152 28
0.251175 1
0.080838 1
0.191799 1
0.057691 1
0.087077 2
0.209670 1
0.252242 1
0.286719 1
0.135345 1
0.275508 1
0.072830 1
0.329299 1
0.091289 1
0.149269 1
0.355049 2
0.003322 28
0.618337 1
0.099740 1
0.121251 1
0.186423 1
0.138020 1
0.115065 1
0.075937 1
1.067637 2
0.043639 54
1.132011 1
0.073352 1
0.161198 1
0.453176 1
0.083866 1
0.432473 1
0.052173 1
0.353083 1
0.075595 1
0.165929 4
0.612316 2
0.057573 15
0.000396 83
0.001336 2592
1.724751 50
1.339537 1
0.001042 17
1.162592 18
0.234063 1
0.001034 17
0.091908 1
0.000966 17
0.081983 1
0.001035 17
0.239334 1
0.001064 17
0.095409 1
0.001064 17
0.315853 1
0.001024 17
0.156138 1
0.001028 17
0.069861 1
0.000065 17
0.139936 1
0.001022 17
0.118841 1
0.001031 17
0.075084 1
0.001033 17
0.340313 1
0.000762 20
0.000106 21
0.008886 2028
0.001724 1165
1.854499 36
0.001177 187
1.839634 95
0.001658 47
0.442837 32
0.248463 32
0.184232 32
0.180348 32
0.471530 32
0.462854 116
0.001795 47
0.155099 116
0.001788 47
0.303840 32
0.198218 32
1.584824 38
0.101041 16
0.000109 37
0.410138 51
0.643466 1
0.000981 17
0.297746 1
0.001066 17
0.860686 1
0.000167 19
0.007005 19
0.000463 37
0.000030 37
1.035735 50
0.233488 1
0.001071 17
0.533883 1
0.001066 17
0.415523 1
0.000407 6
0.000015 43
0.001249 54
2.783627 13
0.425423 11
1.171164 2
0.062236 15
0.000626 2047
0.000031 1081
0.591723 51
3.052240 1
0.000968 17
1.121617 1
0.001062 17
0.137600 1
0.000977 17
0.103127 1
0.000982 17
0.397816 1
0.001022 17
0.115811 1
0.001027 17
0.158769 1
0.000380 17
0.284329 37
0.000039 2
0.007252 6
0.004210 4
0.000073 3
0.000096 8
0.000032 2
0.000063 4
0.000058 6
0.000050 4
0.000070 10
1.102214 15
0.000479 2047
0.000160 573
1.016838 51
0.576364 1
0.001014 17
0.170211 1
0.001064 17
0.078568 1
0.001063 17
0.134285 1
0.001033 17
0.130244 1
0.001014 17
0.120469 35
0.006549 10
0.438217 1
0.124434 1
0.124683 1
0.526987 1
0.114691 1
0.153662 1
0.299258 2
0.004039 6
0.000707 10
0.477522 1
0.203239 1
0.077281 1
0.160940 1
0.930461 2
0.000063 6
0.010847 15
0.000526 2047
0.000323 573
0.925603 40
0.000067 11
0.158193 1
0.001063 17
0.275718 1
0.001062 17
0.387061 1
0.000800 32
0.000019 3
0.001606 54
1.165986 1
0.164928 1
0.111028 1
0.074652 1
0.190578 2
0.000128 6
0.003347 28
0.306790 1
0.089516 1
0.121067 1
0.076130 1
0.175840 1
0.324254 1
0.095225 1
0.100899 1
0.165924 2
0.273729 1
0.107395 1
0.096660 1
0.154149 1
0.247557 3
0.350933 2
0.041664 50
0.000420 14
0.000023 53
0.000172 36
0.000518 89
0.000089 249
0.000346 11
0.000117 968
0.727406 4
0.244189 4
0.328407 2
1.528643 4
0.240948 4
0.306396 26
0.002139 62
0.159074 63
0.196851 161
0.313745 221
0.000044 81
0.567198 11
0.000757 6
0.000115 37
0.000091 26
0.000532 51
0.001519 28
1.093756 1
0.171098 1
0.125324 1
0.094780 1
0.370987 2
0.000149 6
